<?xml version="1.0" encoding="UTF-8"?>
<!-- Generated by org.testng.reporters.JUnitXMLReporter -->
<testsuite ignored="0" hostname="LNOR070736" failures="0" tests="6" name="Command line test" time="0.021" errors="0" timestamp="13 nov. 2020 14:01:00 GMT">
  <testcase classname="qaclickacademy.AppiumTest" name="IOSApps" time="0.005"/>
  <testcase classname="qaclickacademy.AppiumTest" name="NativeAPpAndroid" time="0.0"/>
  <testcase classname="qaclickacademy.RESTAPITest" name="deleteTwitter" time="0.0"/>
  <testcase classname="qaclickacademy.RESTAPITest" name="postJira" time="0.001"/>
  <testcase classname="qaclickacademy.SeleniumTest" name="BrowserAUtomation" time="0.0"/>
  <testcase classname="qaclickacademy.SeleniumTest" name="elementsUi" time="0.001"/>
</testsuite> <!-- Command line test -->
