<?xml version="1.0" encoding="UTF-8"?>
<testng-results ignored="0" total="6" passed="6" failed="0" skipped="0">
  <reporter-output>
  </reporter-output>
  <suite started-at="2020-11-13T14:01:00Z" name="Command line suite" finished-at="2020-11-13T14:01:00Z" duration-ms="21">
    <groups>
    </groups>
    <test started-at="2020-11-13T14:01:00Z" name="Command line test" finished-at="2020-11-13T14:01:00Z" duration-ms="21">
      <class name="qaclickacademy.AppiumTest">
        <test-method signature="IOSApps()[pri:0, instance:qaclickacademy.AppiumTest@ef9296d]" started-at="2020-11-13T15:01:00Z" name="IOSApps" finished-at="2020-11-13T15:01:00Z" duration-ms="5" status="PASS">
          <reporter-output>
          </reporter-output>
        </test-method> <!-- IOSApps -->
        <test-method signature="NativeAPpAndroid()[pri:0, instance:qaclickacademy.AppiumTest@ef9296d]" started-at="2020-11-13T15:01:00Z" name="NativeAPpAndroid" finished-at="2020-11-13T15:01:00Z" duration-ms="0" status="PASS">
          <reporter-output>
          </reporter-output>
        </test-method> <!-- NativeAPpAndroid -->
      </class> <!-- qaclickacademy.AppiumTest -->
      <class name="qaclickacademy.RESTAPITest">
        <test-method signature="deleteTwitter()[pri:0, instance:qaclickacademy.RESTAPITest@1c93084c]" started-at="2020-11-13T15:01:00Z" name="deleteTwitter" finished-at="2020-11-13T15:01:00Z" duration-ms="0" status="PASS">
          <reporter-output>
          </reporter-output>
        </test-method> <!-- deleteTwitter -->
        <test-method signature="postJira()[pri:0, instance:qaclickacademy.RESTAPITest@1c93084c]" started-at="2020-11-13T15:01:00Z" name="postJira" finished-at="2020-11-13T15:01:00Z" duration-ms="1" status="PASS">
          <reporter-output>
          </reporter-output>
        </test-method> <!-- postJira -->
      </class> <!-- qaclickacademy.RESTAPITest -->
      <class name="qaclickacademy.SeleniumTest">
        <test-method signature="elementsUi()[pri:0, instance:qaclickacademy.SeleniumTest@6ef888f6]" started-at="2020-11-13T15:01:00Z" name="elementsUi" finished-at="2020-11-13T15:01:00Z" duration-ms="1" status="PASS">
          <reporter-output>
          </reporter-output>
        </test-method> <!-- elementsUi -->
        <test-method signature="BrowserAUtomation()[pri:0, instance:qaclickacademy.SeleniumTest@6ef888f6]" started-at="2020-11-13T15:01:00Z" name="BrowserAUtomation" finished-at="2020-11-13T15:01:00Z" duration-ms="0" status="PASS">
          <reporter-output>
          </reporter-output>
        </test-method> <!-- BrowserAUtomation -->
      </class> <!-- qaclickacademy.SeleniumTest -->
    </test> <!-- Command line test -->
  </suite> <!-- Command line suite -->
</testng-results>
