<?xml version="1.0" encoding="UTF-8"?>
<testng-results ignored="0" total="2" passed="2" failed="0" skipped="0">
  <reporter-output>
  </reporter-output>
  <suite started-at="2020-11-13T11:46:49 CET" name="Default suite" finished-at="2020-11-13T11:46:49 CET" duration-ms="60">
    <groups>
    </groups>
    <test started-at="2020-11-13T11:46:49 CET" name="Default test" finished-at="2020-11-13T11:46:49 CET" duration-ms="60">
      <class name="qaclickacademy.AppiumTest">
        <test-method signature="IOSApps()[pri:0, instance:qaclickacademy.AppiumTest@4cc8eb05]" started-at="2020-11-13T11:46:49 CET" name="IOSApps" finished-at="2020-11-13T11:46:49 CET" duration-ms="13" status="PASS">
          <reporter-output>
          </reporter-output>
        </test-method> <!-- IOSApps -->
        <test-method signature="NativeAPpAndroid()[pri:0, instance:qaclickacademy.AppiumTest@4cc8eb05]" started-at="2020-11-13T11:46:49 CET" name="NativeAPpAndroid" finished-at="2020-11-13T11:46:49 CET" duration-ms="3" status="PASS">
          <reporter-output>
          </reporter-output>
        </test-method> <!-- NativeAPpAndroid -->
      </class> <!-- qaclickacademy.AppiumTest -->
    </test> <!-- Default test -->
  </suite> <!-- Default suite -->
</testng-results>
